2019-06-14 23:11:11 INFO  loggerHelper:22 - Logger is configured
2019-06-14 23:11:11 INFO  loggerHelper:23 - Logger is configured
2019-06-14 23:11:11 INFO  loggerHelper:24 - Logger is configured
2019-06-14 23:22:23 INFO  loggerHelper:24 - Logger is configured
2019-06-14 23:22:23 INFO  loggerHelper:25 - Logger is configured
2019-06-14 23:22:23 INFO  loggerHelper:26 - Logger is configured
2019-06-15 03:14:33 INFO  waitHelper:32 - Implicit Wait has been set to 120
2019-06-15 03:14:33 INFO  waitHelper:64 - Waiting for page to load for  100for :SECONDS
2019-06-15 03:14:33 INFO  waitHelper:66 - Page is loaded
2019-06-15 03:14:38 INFO  waitHelper:48 - Waiting for element [[ChromeDriver: chrome on XP (7be352dec51aacca2ce8c3b32437e75d)] -> xpath: //*[@id='header']/div[2]/div/div/nav/div[1]/a]for :20
2019-06-15 03:14:38 INFO  waitHelper:51 - Element is visible now
2019-06-15 03:15:18 INFO  waitHelper:32 - Implicit Wait has been set to 120
2019-06-15 03:15:18 INFO  waitHelper:64 - Waiting for page to load for  100for :SECONDS
2019-06-15 03:15:18 INFO  waitHelper:66 - Page is loaded
2019-06-15 03:15:23 INFO  waitHelper:48 - Waiting for element [[ChromeDriver: chrome on XP (a5a5ba1c25f3aa341b0f5f40c82a6434)] -> xpath: //*[@id='header']/div[2]/div/div/nav/div[1]/a]for :20
2019-06-15 03:15:23 INFO  waitHelper:51 - Element is visible now
2019-06-15 11:58:30 INFO  loggerHelper:25 - Logger is configured
2019-06-15 11:58:30 INFO  loggerHelper:25 - Logger is configured
2019-06-15 11:58:30 INFO  loggerHelper:26 - Logger is configured
2019-06-15 12:10:22 INFO  loggerHelper:27 - Logger is configured
2019-06-15 12:10:22 INFO  loggerHelper:27 - Logger is configured
2019-06-15 12:10:22 INFO  loggerHelper:28 - Logger is configured
